app/seeds.txt
online.hualin.flymsg.activity.BaseActivity: BaseActivity()
online.hualin.flymsg.activity.ProfileActivity: ProfileActivity()
online.hualin.flymsg.activity.FileBrowserActivity: FileBrowserActivity()
online.hualin.flymsg.activity.LoadActivity: LoadActivity()
online.hualin.flymsg.activity.BaseActivity
online.hualin.flymsg.activity.AboutActivity: AboutActivity()
online.hualin.flymsg.activity.SettingsActivity
online.hualin.flymsg.fragment.HomeFrag: void setUserList(java.util.List)
online.hualin.flymsg.activity.LoadActivity
online.hualin.flymsg.activity.MainActivity
online.hualin.flymsg.activity.ChatActivity
online.hualin.flymsg.App
online.hualin.flymsg.activity.ChatActivity: ChatActivity()
online.hualin.flymsg.activity.MainActivity: void refreshUserAndSend(java.lang.String)
online.hualin.flymsg.activity.IntroActivity: IntroActivity()
online.hualin.flymsg.activity.ShareToActivity: void setUserList(java.util.List)
online.hualin.flymsg.activity.MainActivity: MainActivity()
online.hualin.flymsg.activity.IntroActivity
online.hualin.flymsg.activity.ShareToActivity: ShareToActivity()
online.hualin.flymsg.activity.MainActivity: void onClick(android.view.View)
online.hualin.flymsg.activity.FileBrowserActivity
online.hualin.flymsg.activity.ShareToActivity
online.hualin.flymsg.activity.FileBrowserActivity: void selectDirectory(android.view.View)
online.hualin.flymsg.activity.SettingsActivity: SettingsActivity()
online.hualin.flymsg.activity.ProfileActivity
online.hualin.flymsg.activity.AboutActivity
online.hualin.flymsg.activity.AboutActivity: void onClick(android.view.View)
online.hualin.flymsg.App: App()
online.hualin.flymsg.activity.ChatActivity: void onClick(android.view.View)
online.hualin.flymsg.fragment.HomeFrag
...
com.google.android.material.R$styleable: int TabItem_android_icon
androidx.appcompat.widget.Toolbar: java.lang.CharSequence getNavigationContentDescription()
androidx.appcompat.widget.SearchView: void setIconified(boolean)
droidninja.filepicker.R$styleable: int AppCompatTheme_actionModeSplitBackground
com.bumptech.glide.load.engine.DecodeJob$Stage: com.bumptech.glide.load.engine.DecodeJob$Stage valueOf(java.lang.String)
droidninja.filepicker.R$color: int mtrl_bottom_nav_colored_item_tint
com.google.android.material.R$id: int design_menu_item_action_area_stub
com.google.android.material.R$color: int dim_foreground_disabled_material_light
androidx.appcompat.widget.SwitchCompat: int getCompoundPaddingLeft()
androidx.appcompat.R$style: int Base_V7_Widget_AppCompat_Toolbar
com.stfalcon.chatkit.R$drawable: int abc_list_selector_background_transition_holo_light
com.google.android.material.R$attr: int fastScrollHorizontalThumbDrawable
com.google.android.material.circularreveal.CircularRevealFrameLayout
droidninja.filepicker.models.PhotoDirectory: android.os.Parcelable$Creator CREATOR
com.google.android.material.R$style: int Base_Widget_AppCompat_Button_Borderless
com.ramotion.cardslider.R$styleable: int AlertDialog_showTitle
com.ramotion.cardslider.R$styleable: int Chip_rippleColor
com.ramotion.cardslider.R$styleable: int GradientColor_android_endColor
com.google.android.material.R$dimen: int abc_config_prefDialogWidth
androidx.constraintlayout.widget.R$styleable: int ConstraintLayout_Layout_layout_constraintVertical_chainStyle
com.ramotion.cardslider.R$styleable: int CompoundButton_buttonTint
com.google.android.material.R$dimen: int design_bottom_navigation_shadow_height
com.ramotion.cardslider.R$styleable: int SearchView_android_imeOptions
androidx.appcompat.R$attr: int windowFixedWidthMinor
com.stfalcon.chatkit.R$styleable: int MessageInput_attachmentButtonMargin
androidx.preference.R$drawable: int abc_btn_radio_material_anim
droidninja.filepicker.R$style: int Base_Widget_AppCompat_ActionBar
org.greenrobot.greendao.async.AsyncSession: org.greenrobot.greendao.async.AsyncOperation updateInTx(java.lang.Class,java.lang.Object[])
androidx.appcompat.R$attr: int windowFixedHeightMinor
androidx.preference.R$style: int Theme_AppCompat_Dialog_Alert
com.vincent.filepicker.R$drawable: int abc_btn_radio_material
androidx.appcompat.R$attr: int textAppearanceLargePopupMenu
org.greenrobot.greendao.database.Database: boolean isDbLockedByCurrentThread()
androidx.viewpager.widget.ViewPager: ViewPager(android.content.Context,android.util.AttributeSet)
androidx.transition.R$id: int action_text
org.greenrobot.greendao.query.CursorQuery: org.greenrobot.greendao.query.AbstractQuery setParameter(int,java.lang.Object)
androidx.recyclerview.widget.RecyclerView$LayoutManager: RecyclerView$LayoutManager()
androidx.constraintlayout.widget.R$styleable: int ConstraintSet_barrierDirection
com.google.android.material.chip.Chip: void setShowMotionSpecResource(int)
androidx.appcompat.R$id: int text
droidninja.filepicker.R$style: int Widget_Support_CoordinatorLayout
com.stfalcon.chatkit.R$id: int design_menu_item_action_area
com.google.android.material.R$dimen: int tooltip_horizontal_padding
com.ramotion.cardslider.R$styleable: int LinearLayoutCompat_android_weightSum
androidx.preference.R$styleable: int AppCompatTextView_drawableEndCompat
androidx.constraintlayout.widget.R$styleable: int CoordinatorLayout_Layout_layout_behavior
com.google.android.material.R$attr: int colorOnSurfaceEmphasisMedium
com.stfalcon.chatkit.R$styleable: int AppCompatTheme_listPreferredItemHeightLarge
org.greenrobot.greendao.identityscope.IdentityScopeLong: java.lang.Object get(java.lang.Long)
androidx.appcompat.widget.ActionBarContextView: void setSubtitle(java.lang.CharSequence)
com.stfalcon.chatkit.R$attr: int switchPadding
droidninja.filepicker.R$id: int folder_count
com.google.android.material.R$styleable: int AppCompatTheme_buttonBarButtonStyle