app/unused.txt
online.hualin.flymsg.R$mipmap
online.hualin.flymsg.loadsir.callback.ErrorCallback
online.hualin.flymsg.injector.module.AppModule
online.hualin.flymsg.utils.UsedConst
online.hualin.flymsg.data.User
    public java.lang.String getAlias()
    public java.lang.String getHostName()
    public java.lang.String getMac()
    public void setAvatar(java.lang.String)
    public boolean isOnline()
    public void setOnline(boolean)
online.hualin.flymsg.util.AppManager
online.hualin.flymsg.utils.IpMessageProtocol
    public void <init>(java.lang.String,java.lang.String,int,java.lang.String)
    public java.lang.String getVersion()
    public void setPacketNo(java.lang.String)
online.hualin.flymsg.R$drawable
online.hualin.flymsg.Constant
    public void <init>()
    public static final java.lang.String APPLICATION_NAME
online.hualin.flymsg.activity.ShareToActivity
    private android.content.SharedPreferences pref
    private android.content.SharedPreferences$Editor editor
    public static java.lang.String hostIp
online.hualin.flymsg.R$string
online.hualin.flymsg.R$interpolator
online.hualin.flymsg.injector.module.SharedPreferencesModule_ProvideSharedPreferencesIOFactory
online.hualin.flymsg.anim.ScaleInAnimation
    public android.animation.Animator[] getAnimators(android.view.View)
    private static final float DEFAULT_SCALE_FROM
online.hualin.flymsg.model.entiy.Repository$OwnerBean
online.hualin.flymsg.net.NetTcpFileReceiveThread
    private static final java.lang.String TAG
online.hualin.flymsg.imgaeloader.GlideLoader
online.hualin.flymsg.activity.LoadActivity
    private static final int REQUEST_PERMS
online.hualin.flymsg.util.SharedPreferencesManager
online.hualin.flymsg.R$id
online.hualin.flymsg.net.NetTcpFileSendThread
    private static final java.lang.String TAG
online.hualin.flymsg.cards.CardsUpdater
online.hualin.flymsg.activity.MainActivity
    public void checkAndRequirePerms(java.lang.String[])
    private androidx.appcompat.widget.SearchView searchView
    private android.widget.ProgressBar progressBar
    private android.content.SharedPreferences$Editor editor
    public static final java.lang.String TAG
    private static final int REQUEST_PERMS
online.hualin.flymsg.utils.UriUtils
online.hualin.flymsg.injector.module.SharedPreferencesModule_ProvideSharedPreferencesManagerFactory
online.hualin.flymsg.injector.module.DataModule
online.hualin.flymsg.imgaeloader.ImageLoader
online.hualin.flymsg.R
online.hualin.flymsg.event.MsgArriveEvent
online.hualin.flymsg.utils.IpMessageConst
online.hualin.flymsg.data.ChatMessage
    public java.lang.String getStatus()
    public java.lang.String getTimeStr()
    public void setSenderIp(java.lang.String)
    public java.lang.String getSenderName()
    public void setSenderName(java.lang.String)
    public void setMsg(java.lang.String)
    public java.util.Date getTime()
    public void setTime(java.util.Date)
    public boolean isSelfMsg()
    public void setSelfMsg(boolean)
    public void setId(java.lang.String)
    public void setText(java.lang.String)
    public void setCreatedAt(java.util.Date)
    public void setUser(online.hualin.flymsg.data.User)
    public online.hualin.flymsg.data.ChatMessage$Image getImage()
    public void setImage(online.hualin.flymsg.data.ChatMessage$Image)
online.hualin.flymsg.injector.module.ImageLoaderModule
online.hualin.flymsg.activity.BaseActivity
    public static online.hualin.flymsg.activity.BaseActivity getActivity(int)
online.hualin.flymsg.injector.annotation.PerActivity
online.hualin.flymsg.injector.module.DataModule_ProvideSharedPreferencesFactory
online.hualin.flymsg.Intent
...
org.greenrobot.eventbus.SubscriberMethodFinder
    static void clearCaches()
    private static final int BRIDGE
    private static final int SYNTHETIC
    private static final int MODIFIERS_IGNORE
    private static final int POOL_SIZE
kotlin.reflect.KMutableProperty0$Setter
androidx.appcompat.widget.TintTypedArray
    public int length()
    public int getIndexCount()
    public int getIndex(int)
    public android.content.res.Resources getResources()
    public java.lang.String getNonResourceString(int)
    public float getDimension(int,float)
    public int getLayoutDimension(int,java.lang.String)
    public float getFraction(int,int,int,float)
    public boolean getValue(int,android.util.TypedValue)
    public int getType(int)
    public android.util.TypedValue peekValue(int)
    public java.lang.String getPositionDescription()
    public int getChangingConfigurations()
com.chad.library.adapter.base.entity.IExpandable
razerdp.basepopup.PopupMaskLayout
androidx.legacy.coreutils.R$integer
es.dmoral.toasty.Toasty$Config
kotlin.coroutines.AbstractCoroutineContextElement
androidx.appcompat.app.AppCompatDelegateImpl$PanelFeatureState$SavedState$1
androidx.constraintlayout.motion.widget.TimeCycleSplineSet$TranslationZset
com.ramotion.cardslider.R$style
androidx.preference.Preference$OnPreferenceChangeInternalListener
    public abstract void onPreferenceVisibilityChange(androidx.preference.Preference)
androidx.constraintlayout.motion.widget.TouchResponse
razerdp.basepopup.PopupCompatManager$BaseImpl
android.support.v4.media.MediaDescriptionCompatApi23
    private void <init>()
androidx.appcompat.view.menu.MenuDialogHelper
    public void setPresenterCallback(androidx.appcompat.view.menu.MenuPresenter$Callback)
com.google.android.material.textfield.IndicatorViewController$1
com.ramotion.circlemenu.CircleMenuView$9
razerdp.util.SimpleAnimationUtils$AnimationListenerAdapter
kotlin.collections.MapWithDefault
androidx.coordinatorlayout.R$layout
androidx.transition.Scene
    public static androidx.transition.Scene getSceneForLayout(android.view.ViewGroup,int,android.content.Context)
    public void <init>(android.view.ViewGroup)
    private void <init>(android.view.ViewGroup,int,android.content.Context)
    public void <init>(android.view.ViewGroup,android.view.View)
    public android.view.ViewGroup getSceneRoot()
    public void enter()
    public void setEnterAction(java.lang.Runnable)
    public void setExitAction(java.lang.Runnable)
    boolean isCreatedFromLayoutResource()
    private android.content.Context mContext
    private int mLayoutId
    private android.view.View mLayout
    private java.lang.Runnable mEnterAction
androidx.customview.R
androidx.core.app.NotificationCompat$Action$SemanticAction
razerdp.basepopup.BasePopupWindow$OnDismissListener
androidx.appcompat.widget.ActivityChooserModel$ActivityChooserModelClient
androidx.vectordrawable.R$dimen
com.bartoszlipinski.viewpropertyobjectanimator.DimensionChangeListener
androidx.annotation.RawRes
kotlin.ranges.CharRange$Companion
androidx.preference.R$style
    private void <init>()
androidx.fragment.R$dimen
androidx.annotation.VisibleForTesting
com.bumptech.glide.TransitionOptions
    public final com.bumptech.glide.TransitionOptions dontTransition()
    public final com.bumptech.glide.TransitionOptions transition(int)
    public final com.bumptech.glide.TransitionOptions transition(com.bumptech.glide.request.transition.ViewPropertyTransition$Animator)
androidx.core.util.Consumer
androidx.lifecycle.Lifecycling
    static androidx.lifecycle.GenericLifecycleObserver getCallback(java.lang.Object)
    private void <init>()
    private static final int REFLECTIVE_CALLBACK
    private static final int GENERATED_CALLBACK
com.github.florent37.expansionpanel.ExpansionLayout$1$1$1